<?xml version="1.0" encoding="UTF-8"?>
<testsuite xmlns:xsi="http://www.w3.org/2001/XMLSchema-instance" xsi:noNamespaceSchemaLocation="https://maven.apache.org/surefire/maven-surefire-plugin/xsd/surefire-test-report-3.0.xsd" version="3.0" name="com.simpleform.SimpleFormApplicationTests" time="4.163" tests="1" errors="0" skipped="0" failures="0">
  <properties>
[...]
</properties>
  <testcase name="contextLoads" classname="com.simpleform.SimpleFormApplicationTests" time="1.378">
    <system-out><![CDATA[09:14:37.277 [main] INFO org.springframework.test.context.support.AnnotationConfigContextLoaderUtils -- Could not detect default configuration classes for test class [com.simpleform.SimpleFormApplicationTests]: SimpleFormApplicationTests does not declare any static, non-private, non-final, nested classes annotated with @Configuration.
09:14:37.342 [main] INFO org.springframework.boot.test.context.SpringBootTestContextBootstrapper -- Found @SpringBootConfiguration com.simpleform.SimpleFormApplication for test class com.simpleform.SimpleFormApplicationTests

  .   ____          _            __ _ _
 /\\ / ___'_ __ _ _(_)_ __  __ _ \ \ \ \
( ( )\___ | '_ | '_| | '_ \/ _` | \ \ \ \
 \\/  ___)| |_)| | | | | || (_| |  ) ) ) )
  '  |____| .__|_| |_|_| |_\__, | / / / /
 =========|_|==============|___/=/_/_/_/
 :: Spring Boot ::                (v3.1.0)

2023-07-18T09:14:37.596-07:00  INFO 5548 --- [           main] c.simpleform.SimpleFormApplicationTests  : Starting SimpleFormApplicationTests using Java 17.0.7 with PID 5548 (started by khushi in /Users/khushi/Desktop/Software Construction/simple-form)
2023-07-18T09:14:37.597-07:00  INFO 5548 --- [           main] c.simpleform.SimpleFormApplicationTests  : No active profile set, falling back to 1 default profile: "default"
2023-07-18T09:14:37.872-07:00  INFO 5548 --- [           main] .s.d.r.c.RepositoryConfigurationDelegate : Bootstrapping Spring Data JPA repositories in DEFAULT mode.
2023-07-18T09:14:37.898-07:00  INFO 5548 --- [           main] .s.d.r.c.RepositoryConfigurationDelegate : Finished Spring Data repository scanning in 21 ms. Found 1 JPA repository interfaces.
2023-07-18T09:14:38.275-07:00  INFO 5548 --- [           main] o.hibernate.jpa.internal.util.LogHelper  : HHH000204: Processing PersistenceUnitInfo [name: default]
2023-07-18T09:14:38.314-07:00  INFO 5548 --- [           main] org.hibernate.Version                    : HHH000412: Hibernate ORM core version 6.2.2.Final
2023-07-18T09:14:38.316-07:00  INFO 5548 --- [           main] org.hibernate.cfg.Environment            : HHH000406: Using bytecode reflection optimizer
2023-07-18T09:14:38.416-07:00  INFO 5548 --- [           main] o.h.b.i.BytecodeProviderInitiator        : HHH000021: Bytecode provider name : bytebuddy
2023-07-18T09:14:38.502-07:00  INFO 5548 --- [           main] o.s.o.j.p.SpringPersistenceUnitInfo      : No LoadTimeWeaver setup: ignoring JPA class transformer
2023-07-18T09:14:38.514-07:00  INFO 5548 --- [           main] com.zaxxer.hikari.HikariDataSource       : HikariPool-1 - Starting...
2023-07-18T09:14:38.697-07:00  INFO 5548 --- [           main] com.zaxxer.hikari.pool.HikariPool        : HikariPool-1 - Added connection org.postgresql.jdbc.PgConnection@3b96f8b0
2023-07-18T09:14:38.698-07:00  INFO 5548 --- [           main] com.zaxxer.hikari.HikariDataSource       : HikariPool-1 - Start completed.
2023-07-18T09:14:38.746-07:00  INFO 5548 --- [           main] org.hibernate.orm.dialect                : HHH035001: Using dialect: org.hibernate.dialect.PostgreSQLDialect, version: org.hibernate.engine.jdbc.env.internal.JdbcEnvironmentInitiator$DialectResolutionInfoImpl@1c00d406
2023-07-18T09:14:38.861-07:00  INFO 5548 --- [           main] o.h.b.i.BytecodeProviderInitiator        : HHH000021: Bytecode provider name : bytebuddy
2023-07-18T09:14:39.263-07:00  INFO 5548 --- [           main] o.h.e.t.j.p.i.JtaPlatformInitiator       : HHH000490: Using JtaPlatform implementation: [org.hibernate.engine.transaction.jta.platform.internal.NoJtaPlatform]
2023-07-18T09:14:39.314-07:00  INFO 5548 --- [           main] j.LocalContainerEntityManagerFactoryBean : Initialized JPA EntityManagerFactory for persistence unit 'default'
2023-07-18T09:14:39.672-07:00  WARN 5548 --- [           main] JpaBaseConfiguration$JpaWebConfiguration : spring.jpa.open-in-view is enabled by default. Therefore, database queries may be performed during view rendering. Explicitly configure spring.jpa.open-in-view to disable this warning
2023-07-18T09:14:39.795-07:00  INFO 5548 --- [           main] o.s.b.a.w.s.WelcomePageHandlerMapping    : Adding welcome page: class path resource [static/index.html]
2023-07-18T09:14:39.926-07:00  INFO 5548 --- [           main] c.simpleform.SimpleFormApplicationTests  : Started SimpleFormApplicationTests in 2.491 seconds (process running for 3.171)
]]></system-out>
  </testcase>
</testsuite>